<?xml version="1.0" encoding="UTF-8" ?>
<testsuite failures="0" time="0.116" errors="0" skipped="0" tests="1" name="com.roclas.AppTest">
  <properties>
    <property name="java.runtime.name" value="Java(TM) SE Runtime Environment"/>
    <property name="sun.boot.library.path" value="/opt/java/jdk1.6.0_26/jre/lib/amd64"/>
    <property name="java.vm.version" value="20.1-b02"/>
    <property name="java.vm.vendor" value="Sun Microsystems Inc."/>
    <property name="java.vendor.url" value="http://java.sun.com/"/>
    <property name="path.separator" value=":"/>
    <property name="java.vm.name" value="Java HotSpot(TM) 64-Bit Server VM"/>
    <property name="file.encoding.pkg" value="sun.io"/>
    <property name="user.country" value="US"/>
    <property name="sun.java.launcher" value="SUN_STANDARD"/>
    <property name="sun.os.patch.level" value="unknown"/>
    <property name="java.vm.specification.name" value="Java Virtual Machine Specification"/>
    <property name="user.dir" value="/home/carlos/proyectos/github/pomParser"/>
    <property name="java.runtime.version" value="1.6.0_26-b03"/>
    <property name="java.awt.graphicsenv" value="sun.awt.X11GraphicsEnvironment"/>
    <property name="basedir" value="/home/carlos/proyectos/github/pomParser"/>
    <property name="java.endorsed.dirs" value="/opt/java/jdk1.6.0_26/jre/lib/endorsed"/>
    <property name="os.arch" value="amd64"/>
    <property name="surefire.real.class.path" value="/home/carlos/proyectos/github/pomParser/target/surefire/surefirebooter8761287640359761372.jar"/>
    <property name="java.io.tmpdir" value="/tmp"/>
    <property name="line.separator" value="
"/>
    <property name="java.vm.specification.vendor" value="Sun Microsystems Inc."/>
    <property name="os.name" value="Linux"/>
    <property name="sun.jnu.encoding" value="UTF-8"/>
    <property name="java.library.path" value="/opt/java/jdk1.6.0_26/jre/lib/amd64/server:/opt/java/jdk1.6.0_26/jre/lib/amd64:/opt/java/jdk1.6.0_26/jre/../lib/amd64:/home/carlos/lib/:/usr/local/netbeans-6.8/mobility8/WTK2.5.2/lib/:/usr/java/packages/lib/amd64:/usr/lib64:/lib64:/lib:/usr/lib"/>
    <property name="surefire.test.class.path" value="/home/carlos/proyectos/github/pomParser/target/test-classes:/home/carlos/proyectos/github/pomParser/target/classes:/home/carlos/.m2/repository/junit/junit/4.8.2/junit-4.8.2.jar:/home/carlos/.m2/repository/org/jdom/jdom/1.1/jdom-1.1.jar:"/>
    <property name="java.specification.name" value="Java Platform API Specification"/>
    <property name="java.class.version" value="50.0"/>
    <property name="sun.management.compiler" value="HotSpot 64-Bit Tiered Compilers"/>
    <property name="os.version" value="3.0.0-26-generic"/>
    <property name="user.home" value="/home/carlos"/>
    <property name="user.timezone" value=""/>
    <property name="java.awt.printerjob" value="sun.print.PSPrinterJob"/>
    <property name="file.encoding" value="UTF-8"/>
    <property name="java.specification.version" value="1.6"/>
    <property name="user.name" value="carlos"/>
    <property name="java.class.path" value="/home/carlos/proyectos/github/pomParser/target/test-classes:/home/carlos/proyectos/github/pomParser/target/classes:/home/carlos/.m2/repository/junit/junit/4.8.2/junit-4.8.2.jar:/home/carlos/.m2/repository/org/jdom/jdom/1.1/jdom-1.1.jar:"/>
    <property name="java.vm.specification.version" value="1.0"/>
    <property name="sun.arch.data.model" value="64"/>
    <property name="java.home" value="/opt/java/jdk1.6.0_26/jre"/>
    <property name="sun.java.command" value="/home/carlos/proyectos/github/pomParser/target/surefire/surefirebooter8761287640359761372.jar /home/carlos/proyectos/github/pomParser/target/surefire/surefire8230929073945777011tmp /home/carlos/proyectos/github/pomParser/target/surefire/surefire4076322262993845460tmp"/>
    <property name="java.specification.vendor" value="Sun Microsystems Inc."/>
    <property name="user.language" value="en"/>
    <property name="java.vm.info" value="mixed mode"/>
    <property name="java.version" value="1.6.0_26"/>
    <property name="java.ext.dirs" value="/opt/java/jdk1.6.0_26/jre/lib/ext:/usr/java/packages/lib/ext"/>
    <property name="sun.boot.class.path" value="/opt/java/jdk1.6.0_26/jre/lib/resources.jar:/opt/java/jdk1.6.0_26/jre/lib/rt.jar:/opt/java/jdk1.6.0_26/jre/lib/sunrsasign.jar:/opt/java/jdk1.6.0_26/jre/lib/jsse.jar:/opt/java/jdk1.6.0_26/jre/lib/jce.jar:/opt/java/jdk1.6.0_26/jre/lib/charsets.jar:/opt/java/jdk1.6.0_26/jre/lib/modules/jdk.boot.jar:/opt/java/jdk1.6.0_26/jre/classes"/>
    <property name="java.vendor" value="Sun Microsystems Inc."/>
    <property name="localRepository" value="/home/carlos/.m2/repository"/>
    <property name="file.separator" value="/"/>
    <property name="java.vendor.url.bug" value="http://java.sun.com/cgi-bin/bugreport.cgi"/>
    <property name="sun.cpu.endian" value="little"/>
    <property name="sun.io.unicode.encoding" value="UnicodeLittle"/>
    <property name="sun.desktop" value="gnome"/>
    <property name="sun.cpu.isalist" value=""/>
  </properties>
  <testcase time="0.075" classname="com.roclas.AppTest" name="testApp"/>
</testsuite>